Arguments: 
  C:\Program Files\nodejs\node.exe C:\Users\jongapjd\AppData\Roaming\npm\node_modules\yarn\bin\yarn.js

PATH: 
  C:\ProgramData\DockerDesktop\version-bin;C:\Program Files\Docker\Docker\Resources\bin;C:\Python27\;C:\Python27\Scripts;C:\Python37\Scripts\;C:\Python37\;C:\Program Files (x86)\Common Files\Oracle\Java\javapath;C:\WINDOWS\system32;C:\WINDOWS;C:\WINDOWS\System32\Wbem;C:\WINDOWS\System32\WindowsPowerShell\v1.0\;C:\ProgramData\chocolatey\bin;C:\Program Files\Git\cmd;C:\Program Files (x86)\GNU\GnuPG\pub;C:\Program Files\Java\jdk1.8.0_191\bin;C:\Program Files (x86)\NoteBook FanControl\;C:\Program Files\nodejs\;C:\Program Files\OpenSSH-Win64;C:\Program Files\PuTTY\;C:\Android;C:\Windows\System32;C:\Users\jongapjd\AppData\Local\Microsoft\WindowsApps;C:\tools\Cmder;C:\Users\jongapjd\AppData\Roaming\npm;C:\Users\jongapjd\AppData\Local\Programs\Microsoft VS Code Insiders\bin;C:\Users\jongapjd\.platformio\penv\Scripts;C:\Users\jongapjd\AppData\Local\atom\bin

Yarn version: 
  1.12.3

Node version: 
  10.13.0

Platform: 
  win32 x64

Trace: 
  Error: EPERM: operation not permitted, scandir 'C:\arnoud\actueel\driver\csCop-next\node_modules\@types'

npm manifest: 
  {
    "name": "@layer-server/root",
    "private": true,
    "repository": {
      "type": "git",
      "url": "git+https://github.com/tnocs/layer-server.git"
    },
    "scripts": {
      "postinstall": "lerna bootstrap --hoist && lerna run link",
      "dev": "concurrently --kill-others \"tsc -b -w packages\" \"nodemon  packages/server/dist/index.js\"",
      "clean": "lerna run --parallel clean",
      "types": "./node_modules/.bin/typescript-json-schema.cmd packages/core/tsconfig.json ServerConfig *  -o ./schema/server.json",
      "build": "tsc -b packages",
      "linkserver": "lerna run linkserver",
      "linkcs": "lerna run linkcs"
    },
    "devDependencies": {
      "concurrently": "^4.1.0",
      "lerna": "^3.10.2",
      "typescript-json-schema": "^0.34.0"
    },
    "nodemonConfig": {
      "ignore": [
        "configs/*"
      ],
      "delay": "2"
    }
  }

yarn manifest: 
  No manifest

Lockfile: 
  No lockfile
